<?xml version="1.0" encoding="UTF-8"?>
<testsuite xmlns:xsi="http://www.w3.org/2001/XMLSchema-instance" xsi:noNamespaceSchemaLocation="https://maven.apache.org/surefire/maven-surefire-plugin/xsd/surefire-test-report.xsd" version="3.0.2" name="com.rohit.SpringEcom.SpringEcomApplicationTests" time="12.023" tests="1" errors="0" skipped="0" failures="0">
  <properties>
[...]
</properties>
  <testcase name="contextLoads" classname="com.rohit.SpringEcom.SpringEcomApplicationTests" time="1.246">
    <system-out><![CDATA[18:27:56.005 [main] INFO org.springframework.test.context.support.AnnotationConfigContextLoaderUtils -- Could not detect default configuration classes for test class [com.rohit.SpringEcom.SpringEcomApplicationTests]: SpringEcomApplicationTests does not declare any static, non-private, non-final, nested classes annotated with @Configuration.
18:27:56.295 [main] INFO org.springframework.boot.test.context.SpringBootTestContextBootstrapper -- Found @SpringBootConfiguration com.rohit.SpringEcom.SpringEcomApplication for test class com.rohit.SpringEcom.SpringEcomApplicationTests

  .   ____          _            __ _ _
 /\\ / ___'_ __ _ _(_)_ __  __ _ \ \ \ \
( ( )\___ | '_ | '_| | '_ \/ _` | \ \ \ \
 \\/  ___)| |_)| | | | | || (_| |  ) ) ) )
  '  |____| .__|_| |_|_| |_\__, | / / / /
 =========|_|==============|___/=/_/_/_/

 :: Spring Boot ::                (v3.4.1)

2025-01-13T18:27:57.327+05:30  INFO 17068 --- [SpringEcom] [           main] c.r.S.SpringEcomApplicationTests         : Starting SpringEcomApplicationTests using Java 18.0.2 with PID 17068 (started by Rohit.Rawate in C:\Users\Rohit.Rawate\Documents\SpringEcom\SpringEcom)
2025-01-13T18:27:57.329+05:30  INFO 17068 --- [SpringEcom] [           main] c.r.S.SpringEcomApplicationTests         : No active profile set, falling back to 1 default profile: "default"
2025-01-13T18:27:58.768+05:30  INFO 17068 --- [SpringEcom] [           main] .s.d.r.c.RepositoryConfigurationDelegate : Bootstrapping Spring Data JPA repositories in DEFAULT mode.
2025-01-13T18:27:58.911+05:30  INFO 17068 --- [SpringEcom] [           main] .s.d.r.c.RepositoryConfigurationDelegate : Finished Spring Data repository scanning in 117 ms. Found 1 JPA repository interface.
2025-01-13T18:27:59.932+05:30  INFO 17068 --- [SpringEcom] [           main] o.hibernate.jpa.internal.util.LogHelper  : HHH000204: Processing PersistenceUnitInfo [name: default]
2025-01-13T18:28:00.121+05:30  INFO 17068 --- [SpringEcom] [           main] org.hibernate.Version                    : HHH000412: Hibernate ORM core version 6.6.4.Final
2025-01-13T18:28:00.218+05:30  INFO 17068 --- [SpringEcom] [           main] o.h.c.internal.RegionFactoryInitiator    : HHH000026: Second-level cache disabled
2025-01-13T18:28:01.112+05:30  INFO 17068 --- [SpringEcom] [           main] o.s.o.j.p.SpringPersistenceUnitInfo      : No LoadTimeWeaver setup: ignoring JPA class transformer
2025-01-13T18:28:01.218+05:30  INFO 17068 --- [SpringEcom] [           main] com.zaxxer.hikari.HikariDataSource       : HikariPool-1 - Starting...
2025-01-13T18:28:01.929+05:30  INFO 17068 --- [SpringEcom] [           main] com.zaxxer.hikari.pool.HikariPool        : HikariPool-1 - Added connection org.postgresql.jdbc.PgConnection@2cd3fc29
2025-01-13T18:28:01.934+05:30  INFO 17068 --- [SpringEcom] [           main] com.zaxxer.hikari.HikariDataSource       : HikariPool-1 - Start completed.
2025-01-13T18:28:02.136+05:30  INFO 17068 --- [SpringEcom] [           main] org.hibernate.orm.connections.pooling    : HHH10001005: Database info:
	Database JDBC URL [Connecting through datasource 'HikariDataSource (HikariPool-1)']
	Database driver: undefined/unknown
	Database version: 17.2
	Autocommit mode: undefined/unknown
	Isolation level: undefined/unknown
	Minimum pool size: undefined/unknown
	Maximum pool size: undefined/unknown
2025-01-13T18:28:04.237+05:30  INFO 17068 --- [SpringEcom] [           main] o.h.e.t.j.p.i.JtaPlatformInitiator       : HHH000489: No JTA platform available (set 'hibernate.transaction.jta.platform' to enable JTA platform integration)
2025-01-13T18:28:04.642+05:30  INFO 17068 --- [SpringEcom] [           main] j.LocalContainerEntityManagerFactoryBean : Initialized JPA EntityManagerFactory for persistence unit 'default'
2025-01-13T18:28:05.462+05:30  WARN 17068 --- [SpringEcom] [           main] JpaBaseConfiguration$JpaWebConfiguration : spring.jpa.open-in-view is enabled by default. Therefore, database queries may be performed during view rendering. Explicitly configure spring.jpa.open-in-view to disable this warning
2025-01-13T18:28:06.262+05:30  INFO 17068 --- [SpringEcom] [           main] c.r.S.SpringEcomApplicationTests         : Started SpringEcomApplicationTests in 9.564 seconds (process running for 12.493)
]]></system-out>
  </testcase>
</testsuite>